<?xml version="1.0" encoding="UTF-8"?>
<testsuite name="com.undeadgrishnakch.kata.tictactoe.webapp.TicTacToeWebApplicationIT" tests="3" skipped="0" failures="0" errors="0" timestamp="2020-07-02T16:14:08" hostname="Micheles-MacBook-Pro.local" time="0.214">
  <properties/>
  <testcase name="getEmptyBoard()" classname="com.undeadgrishnakch.kata.tictactoe.webapp.TicTacToeWebApplicationIT" time="0.202"/>
  <testcase name="iAmAlive()" classname="com.undeadgrishnakch.kata.tictactoe.webapp.TicTacToeWebApplicationIT" time="0.006"/>
  <testcase name="homepage()" classname="com.undeadgrishnakch.kata.tictactoe.webapp.TicTacToeWebApplicationIT" time="0.004"/>
  <system-out><![CDATA[18:14:07.466 - [Test worker] - ?[32mINFO - org.springframework.test.context.support.AbstractTestContextBootstrapper.buildDefaultMergedContextConfiguration:308 - Neither @ContextConfiguration nor @ContextHierarchy found for test class [com.undeadgrishnakch.kata.tictactoe.webapp.TicTacToeWebApplicationIT], using SpringBootContextLoader
?[m18:14:07.473 - [Test worker] - ?[32mINFO - org.springframework.test.context.support.AbstractContextLoader.generateDefaultLocations:264 - Could not detect default resource locations for test class [com.undeadgrishnakch.kata.tictactoe.webapp.TicTacToeWebApplicationIT]: no resource found for suffixes {-context.xml, Context.groovy}.
?[m18:14:07.474 - [Test worker] - ?[32mINFO - org.springframework.test.context.support.AnnotationConfigContextLoaderUtils.detectDefaultConfigurationClasses:83 - Could not detect default configuration classes for test class [com.undeadgrishnakch.kata.tictactoe.webapp.TicTacToeWebApplicationIT]: TicTacToeWebApplicationIT does not declare any static, non-private, non-final, nested classes annotated with @Configuration.
?[m18:14:07.547 - [Test worker] - ?[32mINFO - org.springframework.boot.test.context.SpringBootTestContextBootstrapper.getOrFindConfigurationClasses:235 - Found @SpringBootConfiguration com.undeadgrishnakch.kata.tictactoe.webapp.TicTacToeApplication for test class com.undeadgrishnakch.kata.tictactoe.webapp.TicTacToeWebApplicationIT
?[m18:14:07.601 - [Test worker] - ?[32mINFO - org.springframework.test.context.support.AbstractTestContextBootstrapper.getDefaultTestExecutionListenerClassNames:248 - Loaded default TestExecutionListener class names from location [META-INF/spring.factories]: [org.springframework.boot.test.autoconfigure.restdocs.RestDocsTestExecutionListener, org.springframework.boot.test.autoconfigure.web.client.MockRestServiceServerResetTestExecutionListener, org.springframework.boot.test.autoconfigure.web.servlet.MockMvcPrintOnlyOnFailureTestExecutionListener, org.springframework.boot.test.autoconfigure.web.servlet.WebDriverTestExecutionListener, org.springframework.boot.test.mock.mockito.MockitoTestExecutionListener, org.springframework.boot.test.mock.mockito.ResetMocksTestExecutionListener, org.springframework.test.context.web.ServletTestExecutionListener, org.springframework.test.context.support.DirtiesContextBeforeModesTestExecutionListener, org.springframework.test.context.support.DependencyInjectionTestExecutionListener, org.springframework.test.context.support.DirtiesContextTestExecutionListener, org.springframework.test.context.transaction.TransactionalTestExecutionListener, org.springframework.test.context.jdbc.SqlScriptsTestExecutionListener, org.springframework.test.context.event.EventPublishingTestExecutionListener]
?[m18:14:07.618 - [Test worker] - ?[32mINFO - org.springframework.test.context.support.AbstractTestContextBootstrapper.getTestExecutionListeners:177 - Using TestExecutionListeners: [org.springframework.test.context.web.ServletTestExecutionListener@3dafde7a, org.springframework.test.context.support.DirtiesContextBeforeModesTestExecutionListener@7ed8fcda, org.springframework.boot.test.mock.mockito.MockitoTestExecutionListener@50e7099, org.springframework.boot.test.autoconfigure.SpringBootDependencyInjectionTestExecutionListener@12fbfa94, org.springframework.test.context.support.DirtiesContextTestExecutionListener@5164aabf, org.springframework.test.context.event.EventPublishingTestExecutionListener@6863a265, org.springframework.boot.test.autoconfigure.restdocs.RestDocsTestExecutionListener@1e9f8d48, org.springframework.boot.test.autoconfigure.web.client.MockRestServiceServerResetTestExecutionListener@537deb55, org.springframework.boot.test.autoconfigure.web.servlet.MockMvcPrintOnlyOnFailureTestExecutionListener@27b882d7, org.springframework.boot.test.autoconfigure.web.servlet.WebDriverTestExecutionListener@523d6ccf, org.springframework.boot.test.mock.mockito.ResetMocksTestExecutionListener@30aa5e0d]
?[m2020-07-02 18:14:07,710 Test worker INFO Log4j appears to be running in a Servlet environment, but there's no log4j-web module available. If you want better web container support, please add the log4j-web JAR to your web archive or server lib directory.

  .   ____          _            __ _ _
 /\\ / ___'_ __ _ _(_)_ __  __ _ \ \ \ \
( ( )\___ | '_ | '_| | '_ \/ _` | \ \ \ \
 \\/  ___)| |_)| | | | | || (_| |  ) ) ) )
  '  |____| .__|_| |_|_| |_\__, | / / / /
 =========|_|==============|___/=/_/_/_/
 :: Spring Boot ::        (v2.2.2.RELEASE)

18:14:07.807 - [Test worker] - ?[32mINFO - org.springframework.boot.StartupInfoLogger.logStarting:55 - Starting TicTacToeWebApplicationIT on Micheles-MacBook-Pro.local with PID 2848 (started by michele.brissoni@ibm.com in /Users/michele.brissoni@ibm.com/ProgettiGit/UndeadGrishnackh/tictactoe)
?[m18:14:07.809 - [Test worker] - ?[32mINFO - org.springframework.boot.SpringApplication.logStartupProfileInfo:651 - No active profile set, falling back to default profiles: default
?[m18:14:08.454 - [Test worker] - ?[32mINFO - org.springframework.boot.web.embedded.tomcat.TomcatWebServer.initialize:92 - Tomcat initialized with port(s): 0 (http)
?[m18:14:08.545 - [Test worker] - ?[32mINFO - org.springframework.boot.web.servlet.context.ServletWebServerApplicationContext.prepareWebApplicationContext:284 - Root WebApplicationContext: initialization completed in 721 ms
?[m18:14:08.777 - [Test worker] - ?[32mINFO - org.springframework.scheduling.concurrent.ExecutorConfigurationSupport.initialize:171 - Initializing ExecutorService 'applicationTaskExecutor'
?[m18:14:08.944 - [Test worker] - ?[32mINFO - org.springframework.boot.web.embedded.tomcat.TomcatWebServer.start:204 - Tomcat started on port(s): 61473 (http) with context path ''
?[m18:14:08.946 - [Test worker] - ?[32mINFO - org.springframework.boot.StartupInfoLogger.logStarted:61 - Started TicTacToeWebApplicationIT in 1.304 seconds (JVM running for 2.496)
?[m18:14:09.097 - [http-nio-auto-1-exec-1] - ?[32mINFO - org.springframework.web.servlet.FrameworkServlet.initServletBean:525 - Initializing Servlet 'dispatcherServlet'
?[m18:14:09.111 - [http-nio-auto-1-exec-1] - ?[32mINFO - org.springframework.web.servlet.FrameworkServlet.initServletBean:547 - Completed initialization in 14 ms
?[m18:14:09.158 - [http-nio-auto-1-exec-2] - ?[32mINFO - com.undeadgrishnakch.kata.tictactoe.webapp.ImAliveController.iAmAlive:25 - JAR_NAME=file:/Users/michele.brissoni@ibm.com/ProgettiGit/UndeadGrishnackh/tictactoe/build/classes/java/main/
?[m]]></system-out>
  <system-err><![CDATA[Jul 02, 2020 6:14:08 PM org.apache.coyote.AbstractProtocol init
INFO: Initializing ProtocolHandler ["http-nio-auto-1"]
Jul 02, 2020 6:14:08 PM org.apache.catalina.core.StandardService startInternal
INFO: Starting service [Tomcat]
Jul 02, 2020 6:14:08 PM org.apache.catalina.core.StandardEngine startInternal
INFO: Starting Servlet engine: [Apache Tomcat/9.0.29]
Jul 02, 2020 6:14:08 PM org.apache.catalina.core.ApplicationContext log
INFO: Initializing Spring embedded WebApplicationContext
Jul 02, 2020 6:14:08 PM org.apache.coyote.AbstractProtocol start
INFO: Starting ProtocolHandler ["http-nio-auto-1"]
Jul 02, 2020 6:14:09 PM org.apache.catalina.core.ApplicationContext log
INFO: Initializing Spring DispatcherServlet 'dispatcherServlet'
]]></system-err>
</testsuite>
