<?xml version="1.0" encoding="UTF-8"?>
<testsuite name="com.undeadgrishnakch.kata.tictactoe.game.PlayerTest" tests="3" skipped="0" failures="0" errors="0" timestamp="2020-07-02T18:11:51" hostname="Micheles-MacBook-Pro.local" time="0.036">
  <properties/>
  <testcase name="createBadPlayer()" classname="com.undeadgrishnakch.kata.tictactoe.game.PlayerTest" time="0.002"/>
  <testcase name="createPlayers(String)[1]" classname="com.undeadgrishnakch.kata.tictactoe.game.PlayerTest" time="0.012"/>
  <testcase name="createPlayers(String)[2]" classname="com.undeadgrishnakch.kata.tictactoe.game.PlayerTest" time="0.001"/>
  <system-out><![CDATA[]]></system-out>
  <system-err><![CDATA[]]></system-err>
</testsuite>
