<?xml version="1.0" encoding="UTF-8"?>
<testsuite name="com.undeadgrishnakch.kata.tictactoe.webapp.TicTacToeWebApplicationIT" tests="3" skipped="0" failures="0" errors="0" timestamp="2020-07-09T10:45:29" hostname="Micheles-MacBook-Pro.local" time="1.613">
  <properties/>
  <testcase name="getEmptyBoard()" classname="com.undeadgrishnakch.kata.tictactoe.webapp.TicTacToeWebApplicationIT" time="1.6"/>
  <testcase name="iAmAlive()" classname="com.undeadgrishnakch.kata.tictactoe.webapp.TicTacToeWebApplicationIT" time="0.007"/>
  <testcase name="homepage()" classname="com.undeadgrishnakch.kata.tictactoe.webapp.TicTacToeWebApplicationIT" time="0.004"/>
  <system-out><![CDATA[12:45:26.770 - [Test worker] - ?[32mINFO - org.springframework.test.context.support.AbstractTestContextBootstrapper.buildDefaultMergedContextConfiguration:308 - Neither @ContextConfiguration nor @ContextHierarchy found for test class [com.undeadgrishnakch.kata.tictactoe.webapp.TicTacToeWebApplicationIT], using SpringBootContextLoader
?[m12:45:26.788 - [Test worker] - ?[32mINFO - org.springframework.test.context.support.AbstractContextLoader.generateDefaultLocations:264 - Could not detect default resource locations for test class [com.undeadgrishnakch.kata.tictactoe.webapp.TicTacToeWebApplicationIT]: no resource found for suffixes {-context.xml, Context.groovy}.
?[m12:45:26.789 - [Test worker] - ?[32mINFO - org.springframework.test.context.support.AnnotationConfigContextLoaderUtils.detectDefaultConfigurationClasses:83 - Could not detect default configuration classes for test class [com.undeadgrishnakch.kata.tictactoe.webapp.TicTacToeWebApplicationIT]: TicTacToeWebApplicationIT does not declare any static, non-private, non-final, nested classes annotated with @Configuration.
?[m12:45:26.920 - [Test worker] - ?[32mINFO - org.springframework.boot.test.context.SpringBootTestContextBootstrapper.getOrFindConfigurationClasses:235 - Found @SpringBootConfiguration com.undeadgrishnakch.kata.tictactoe.webapp.TicTacToeApplication for test class com.undeadgrishnakch.kata.tictactoe.webapp.TicTacToeWebApplicationIT
?[m12:45:27.028 - [Test worker] - ?[32mINFO - org.springframework.test.context.support.AbstractTestContextBootstrapper.getDefaultTestExecutionListenerClassNames:248 - Loaded default TestExecutionListener class names from location [META-INF/spring.factories]: [org.springframework.boot.test.autoconfigure.restdocs.RestDocsTestExecutionListener, org.springframework.boot.test.autoconfigure.web.client.MockRestServiceServerResetTestExecutionListener, org.springframework.boot.test.autoconfigure.web.servlet.MockMvcPrintOnlyOnFailureTestExecutionListener, org.springframework.boot.test.autoconfigure.web.servlet.WebDriverTestExecutionListener, org.springframework.boot.test.mock.mockito.MockitoTestExecutionListener, org.springframework.boot.test.mock.mockito.ResetMocksTestExecutionListener, org.springframework.test.context.web.ServletTestExecutionListener, org.springframework.test.context.support.DirtiesContextBeforeModesTestExecutionListener, org.springframework.test.context.support.DependencyInjectionTestExecutionListener, org.springframework.test.context.support.DirtiesContextTestExecutionListener, org.springframework.test.context.transaction.TransactionalTestExecutionListener, org.springframework.test.context.jdbc.SqlScriptsTestExecutionListener, org.springframework.test.context.event.EventPublishingTestExecutionListener]
?[m12:45:27.045 - [Test worker] - ?[32mINFO - org.springframework.test.context.support.AbstractTestContextBootstrapper.getTestExecutionListeners:177 - Using TestExecutionListeners: [org.springframework.test.context.web.ServletTestExecutionListener@15ece5fa, org.springframework.test.context.support.DirtiesContextBeforeModesTestExecutionListener@77a60228, org.springframework.boot.test.mock.mockito.MockitoTestExecutionListener@5257fae0, org.springframework.boot.test.autoconfigure.SpringBootDependencyInjectionTestExecutionListener@2c87b94c, org.springframework.test.context.support.DirtiesContextTestExecutionListener@5eb65a13, org.springframework.test.context.event.EventPublishingTestExecutionListener@19c6a4af, org.springframework.boot.test.autoconfigure.restdocs.RestDocsTestExecutionListener@74abcd8d, org.springframework.boot.test.autoconfigure.web.client.MockRestServiceServerResetTestExecutionListener@6577578d, org.springframework.boot.test.autoconfigure.web.servlet.MockMvcPrintOnlyOnFailureTestExecutionListener@9fdeff2, org.springframework.boot.test.autoconfigure.web.servlet.WebDriverTestExecutionListener@25b2d1be, org.springframework.boot.test.mock.mockito.ResetMocksTestExecutionListener@f5fa720]
?[m2020-07-09 12:45:27,187 Test worker INFO Log4j appears to be running in a Servlet environment, but there's no log4j-web module available. If you want better web container support, please add the log4j-web JAR to your web archive or server lib directory.

  .   ____          _            __ _ _
 /\\ / ___'_ __ _ _(_)_ __  __ _ \ \ \ \
( ( )\___ | '_ | '_| | '_ \/ _` | \ \ \ \
 \\/  ___)| |_)| | | | | || (_| |  ) ) ) )
  '  |____| .__|_| |_|_| |_\__, | / / / /
 =========|_|==============|___/=/_/_/_/
 :: Spring Boot ::        (v2.2.2.RELEASE)

12:45:27.337 - [Test worker] - ?[32mINFO - org.springframework.boot.StartupInfoLogger.logStarting:55 - Starting TicTacToeWebApplicationIT on Micheles-MacBook-Pro.local with PID 63139 (started by michele.brissoni@ibm.com in /Users/michele.brissoni@ibm.com/ProgettiGit/UndeadGrishnackh/tictactoe)
?[m12:45:27.341 - [Test worker] - ?[32mINFO - org.springframework.boot.SpringApplication.logStartupProfileInfo:651 - No active profile set, falling back to default profiles: default
?[m12:45:28.425 - [Test worker] - ?[32mINFO - org.springframework.boot.web.embedded.tomcat.TomcatWebServer.initialize:92 - Tomcat initialized with port(s): 0 (http)
?[m12:45:28.558 - [Test worker] - ?[32mINFO - org.springframework.boot.web.servlet.context.ServletWebServerApplicationContext.prepareWebApplicationContext:284 - Root WebApplicationContext: initialization completed in 1192 ms
?[m12:45:28.839 - [Test worker] - ?[32mINFO - org.springframework.scheduling.concurrent.ExecutorConfigurationSupport.initialize:171 - Initializing ExecutorService 'applicationTaskExecutor'
?[m12:45:29.096 - [Test worker] - ?[32mINFO - org.springframework.boot.web.embedded.tomcat.TomcatWebServer.start:204 - Tomcat started on port(s): 64907 (http) with context path ''
?[m12:45:29.100 - [Test worker] - ?[32mINFO - org.springframework.boot.StartupInfoLogger.logStarted:61 - Started TicTacToeWebApplicationIT in 2.008 seconds (JVM running for 4.572)
?[m12:45:30.618 - [http-nio-auto-1-exec-1] - ?[32mINFO - org.springframework.web.servlet.FrameworkServlet.initServletBean:525 - Initializing Servlet 'dispatcherServlet'
?[m12:45:30.637 - [http-nio-auto-1-exec-1] - ?[32mINFO - org.springframework.web.servlet.FrameworkServlet.initServletBean:547 - Completed initialization in 19 ms
?[m12:45:30.711 - [http-nio-auto-1-exec-2] - ?[32mINFO - com.undeadgrishnakch.kata.tictactoe.webapp.ImAliveController.iAmAlive:25 - JAR_NAME=file:/Users/michele.brissoni@ibm.com/ProgettiGit/UndeadGrishnackh/tictactoe/build/classes/java/main/
?[m]]></system-out>
  <system-err><![CDATA[Jul 09, 2020 12:45:28 PM org.apache.coyote.AbstractProtocol init
INFO: Initializing ProtocolHandler ["http-nio-auto-1"]
Jul 09, 2020 12:45:28 PM org.apache.catalina.core.StandardService startInternal
INFO: Starting service [Tomcat]
Jul 09, 2020 12:45:28 PM org.apache.catalina.core.StandardEngine startInternal
INFO: Starting Servlet engine: [Apache Tomcat/9.0.29]
Jul 09, 2020 12:45:28 PM org.apache.catalina.core.ApplicationContext log
INFO: Initializing Spring embedded WebApplicationContext
Jul 09, 2020 12:45:29 PM org.apache.coyote.AbstractProtocol start
INFO: Starting ProtocolHandler ["http-nio-auto-1"]
Jul 09, 2020 12:45:30 PM org.apache.catalina.core.ApplicationContext log
INFO: Initializing Spring DispatcherServlet 'dispatcherServlet'
]]></system-err>
</testsuite>
