<?xml version="1.0" encoding="UTF-8"?>
<testsuite name="com.undeadgrishnakch.kata.tictactoe.webapp.SpringJunit5Test" tests="1" skipped="0" failures="0" errors="0" timestamp="2020-07-02T18:11:51" hostname="Micheles-MacBook-Pro.local" time="0.001">
  <properties/>
  <testcase name="junit5SpringTest()" classname="com.undeadgrishnakch.kata.tictactoe.webapp.SpringJunit5Test" time="0.001"/>
  <system-out><![CDATA[]]></system-out>
  <system-err><![CDATA[]]></system-err>
</testsuite>
