<?xml version="1.0" encoding="UTF-8"?>
<testsuite name="com.undeadgrishnakch.kata.tictactoe.game.PlayerTest" tests="3" skipped="0" failures="0" errors="0" timestamp="2020-07-02T16:14:09" hostname="Micheles-MacBook-Pro.local" time="0.025">
  <properties/>
  <testcase name="createBadPlayer()" classname="com.undeadgrishnakch.kata.tictactoe.game.PlayerTest" time="0.001"/>
  <testcase name="createPlayers(String)[1]" classname="com.undeadgrishnakch.kata.tictactoe.game.PlayerTest" time="0.009"/>
  <testcase name="createPlayers(String)[2]" classname="com.undeadgrishnakch.kata.tictactoe.game.PlayerTest" time="0.0"/>
  <system-out><![CDATA[]]></system-out>
  <system-err><![CDATA[]]></system-err>
</testsuite>
