<?xml version="1.0" encoding="UTF-8"?>
<testsuite name="com.undeadgrishnakch.kata.tictactoe.webapp.TicTacToeWebApplicationIT" tests="3" skipped="0" failures="0" errors="0" timestamp="2020-07-02T18:11:51" hostname="Micheles-MacBook-Pro.local" time="0.388">
  <properties/>
  <testcase name="getEmptyBoard()" classname="com.undeadgrishnakch.kata.tictactoe.webapp.TicTacToeWebApplicationIT" time="0.367"/>
  <testcase name="iAmAlive()" classname="com.undeadgrishnakch.kata.tictactoe.webapp.TicTacToeWebApplicationIT" time="0.012"/>
  <testcase name="homepage()" classname="com.undeadgrishnakch.kata.tictactoe.webapp.TicTacToeWebApplicationIT" time="0.006"/>
  <system-out><![CDATA[20:11:48.767 - [Test worker] - ?[32mINFO - org.springframework.test.context.support.AbstractTestContextBootstrapper.buildDefaultMergedContextConfiguration:308 - Neither @ContextConfiguration nor @ContextHierarchy found for test class [com.undeadgrishnakch.kata.tictactoe.webapp.TicTacToeWebApplicationIT], using SpringBootContextLoader
?[m20:11:48.784 - [Test worker] - ?[32mINFO - org.springframework.test.context.support.AbstractContextLoader.generateDefaultLocations:264 - Could not detect default resource locations for test class [com.undeadgrishnakch.kata.tictactoe.webapp.TicTacToeWebApplicationIT]: no resource found for suffixes {-context.xml, Context.groovy}.
?[m20:11:48.786 - [Test worker] - ?[32mINFO - org.springframework.test.context.support.AnnotationConfigContextLoaderUtils.detectDefaultConfigurationClasses:83 - Could not detect default configuration classes for test class [com.undeadgrishnakch.kata.tictactoe.webapp.TicTacToeWebApplicationIT]: TicTacToeWebApplicationIT does not declare any static, non-private, non-final, nested classes annotated with @Configuration.
?[m20:11:48.923 - [Test worker] - ?[32mINFO - org.springframework.boot.test.context.SpringBootTestContextBootstrapper.getOrFindConfigurationClasses:235 - Found @SpringBootConfiguration com.undeadgrishnakch.kata.tictactoe.webapp.TicTacToeApplication for test class com.undeadgrishnakch.kata.tictactoe.webapp.TicTacToeWebApplicationIT
?[m20:11:49.019 - [Test worker] - ?[32mINFO - org.springframework.test.context.support.AbstractTestContextBootstrapper.getDefaultTestExecutionListenerClassNames:248 - Loaded default TestExecutionListener class names from location [META-INF/spring.factories]: [org.springframework.boot.test.autoconfigure.restdocs.RestDocsTestExecutionListener, org.springframework.boot.test.autoconfigure.web.client.MockRestServiceServerResetTestExecutionListener, org.springframework.boot.test.autoconfigure.web.servlet.MockMvcPrintOnlyOnFailureTestExecutionListener, org.springframework.boot.test.autoconfigure.web.servlet.WebDriverTestExecutionListener, org.springframework.boot.test.mock.mockito.MockitoTestExecutionListener, org.springframework.boot.test.mock.mockito.ResetMocksTestExecutionListener, org.springframework.test.context.web.ServletTestExecutionListener, org.springframework.test.context.support.DirtiesContextBeforeModesTestExecutionListener, org.springframework.test.context.support.DependencyInjectionTestExecutionListener, org.springframework.test.context.support.DirtiesContextTestExecutionListener, org.springframework.test.context.transaction.TransactionalTestExecutionListener, org.springframework.test.context.jdbc.SqlScriptsTestExecutionListener, org.springframework.test.context.event.EventPublishingTestExecutionListener]
?[m20:11:49.034 - [Test worker] - ?[32mINFO - org.springframework.test.context.support.AbstractTestContextBootstrapper.getTestExecutionListeners:177 - Using TestExecutionListeners: [org.springframework.test.context.web.ServletTestExecutionListener@6af0b7df, org.springframework.test.context.support.DirtiesContextBeforeModesTestExecutionListener@4dd93cf1, org.springframework.boot.test.mock.mockito.MockitoTestExecutionListener@4fb898e1, org.springframework.boot.test.autoconfigure.SpringBootDependencyInjectionTestExecutionListener@2d0940b5, org.springframework.test.context.support.DirtiesContextTestExecutionListener@42a84484, org.springframework.test.context.event.EventPublishingTestExecutionListener@4692d694, org.springframework.boot.test.autoconfigure.restdocs.RestDocsTestExecutionListener@4de62137, org.springframework.boot.test.autoconfigure.web.client.MockRestServiceServerResetTestExecutionListener@2a8ddcd6, org.springframework.boot.test.autoconfigure.web.servlet.MockMvcPrintOnlyOnFailureTestExecutionListener@2a812167, org.springframework.boot.test.autoconfigure.web.servlet.WebDriverTestExecutionListener@7af774d5, org.springframework.boot.test.mock.mockito.ResetMocksTestExecutionListener@6e40d25]
?[m2020-07-02 20:11:49,163 Test worker INFO Log4j appears to be running in a Servlet environment, but there's no log4j-web module available. If you want better web container support, please add the log4j-web JAR to your web archive or server lib directory.

  .   ____          _            __ _ _
 /\\ / ___'_ __ _ _(_)_ __  __ _ \ \ \ \
( ( )\___ | '_ | '_| | '_ \/ _` | \ \ \ \
 \\/  ___)| |_)| | | | | || (_| |  ) ) ) )
  '  |____| .__|_| |_|_| |_\__, | / / / /
 =========|_|==============|___/=/_/_/_/
 :: Spring Boot ::        (v2.2.2.RELEASE)

20:11:49.331 - [Test worker] - ?[32mINFO - org.springframework.boot.StartupInfoLogger.logStarting:55 - Starting TicTacToeWebApplicationIT on Micheles-MacBook-Pro.local with PID 23565 (started by michele.brissoni@ibm.com in /Users/michele.brissoni@ibm.com/ProgettiGit/UndeadGrishnackh/tictactoe)
?[m20:11:49.336 - [Test worker] - ?[32mINFO - org.springframework.boot.SpringApplication.logStartupProfileInfo:651 - No active profile set, falling back to default profiles: default
?[m20:11:50.614 - [Test worker] - ?[32mINFO - org.springframework.boot.web.embedded.tomcat.TomcatWebServer.initialize:92 - Tomcat initialized with port(s): 0 (http)
?[m20:11:50.778 - [Test worker] - ?[32mINFO - org.springframework.boot.web.servlet.context.ServletWebServerApplicationContext.prepareWebApplicationContext:284 - Root WebApplicationContext: initialization completed in 1410 ms
?[m20:11:51.087 - [Test worker] - ?[32mINFO - org.springframework.scheduling.concurrent.ExecutorConfigurationSupport.initialize:171 - Initializing ExecutorService 'applicationTaskExecutor'
?[m20:11:51.350 - [Test worker] - ?[32mINFO - org.springframework.boot.web.embedded.tomcat.TomcatWebServer.start:204 - Tomcat started on port(s): 53527 (http) with context path ''
?[m20:11:51.354 - [Test worker] - ?[32mINFO - org.springframework.boot.StartupInfoLogger.logStarted:61 - Started TicTacToeWebApplicationIT in 2.282 seconds (JVM running for 4.931)
?[m20:11:51.627 - [http-nio-auto-1-exec-1] - ?[32mINFO - org.springframework.web.servlet.FrameworkServlet.initServletBean:525 - Initializing Servlet 'dispatcherServlet'
?[m20:11:51.647 - [http-nio-auto-1-exec-1] - ?[32mINFO - org.springframework.web.servlet.FrameworkServlet.initServletBean:547 - Completed initialization in 20 ms
?[m20:11:51.738 - [http-nio-auto-1-exec-2] - ?[32mINFO - com.undeadgrishnakch.kata.tictactoe.webapp.ImAliveController.iAmAlive:25 - JAR_NAME=file:/Users/michele.brissoni@ibm.com/ProgettiGit/UndeadGrishnackh/tictactoe/build/classes/java/main/
?[m]]></system-out>
  <system-err><![CDATA[Jul 02, 2020 8:11:50 PM org.apache.coyote.AbstractProtocol init
INFO: Initializing ProtocolHandler ["http-nio-auto-1"]
Jul 02, 2020 8:11:50 PM org.apache.catalina.core.StandardService startInternal
INFO: Starting service [Tomcat]
Jul 02, 2020 8:11:50 PM org.apache.catalina.core.StandardEngine startInternal
INFO: Starting Servlet engine: [Apache Tomcat/9.0.29]
Jul 02, 2020 8:11:50 PM org.apache.catalina.core.ApplicationContext log
INFO: Initializing Spring embedded WebApplicationContext
Jul 02, 2020 8:11:51 PM org.apache.coyote.AbstractProtocol start
INFO: Starting ProtocolHandler ["http-nio-auto-1"]
Jul 02, 2020 8:11:51 PM org.apache.catalina.core.ApplicationContext log
INFO: Initializing Spring DispatcherServlet 'dispatcherServlet'
]]></system-err>
</testsuite>
