<?xml version="1.0" encoding="UTF-8"?>
<testsuite name="com.undeadgrishnakch.kata.tictactoe.game.GameBoardTest" tests="1" skipped="0" failures="0" errors="0" timestamp="2020-07-09T10:45:30" hostname="Micheles-MacBook-Pro.local" time="0.0">
  <properties/>
  <testcase name="createAndDisplayGameBoardASCII()" classname="com.undeadgrishnakch.kata.tictactoe.game.GameBoardTest" time="0.0"/>
  <system-out><![CDATA[]]></system-out>
  <system-err><![CDATA[]]></system-err>
</testsuite>
